aliPay-andrioid/alipay_demo/app/build/intermediates/manifest_merge_blame_file/release/manifest-merger-blame-release-report.txt
1<?xml version="1.0" encoding="utf-8"?>
2<manifest xmlns:android="http://schemas.android.com/apk/res/android"
3    package="com.alipay.sdk.pay.demo"
4    android:versionCode="1"
5    android:versionName="1.0" >
6
7    <uses-sdk
8        android:minSdkVersion="19"
8-->src\main\AndroidManifest.xml
9        android:targetSdkVersion="30" />
9-->src\main\AndroidManifest.xml
10
11    <uses-permission android:name="android.permission.INTERNET" />
11-->src\main\AndroidManifest.xml:8:5-67
11-->src\main\AndroidManifest.xml:8:22-64
12    <uses-permission android:name="android.permission.ACCESS_NETWORK_STATE" />
12-->src\main\AndroidManifest.xml:9:5-79
12-->src\main\AndroidManifest.xml:9:22-76
13    <uses-permission android:name="android.permission.ACCESS_WIFI_STATE" />
13-->src\main\AndroidManifest.xml:10:5-76
13-->src\main\AndroidManifest.xml:10:22-73
14
15    <!--
16         如果您的 App 的 targetSdkVersion 大于或等于 30，则需要在 AndroidManifest.xml 中提供下面的应用可见性声明，
17         让支付宝 SDK 感知设备上是否已经安装了支付宝 App。同时，您可能还需要升级 Gradle Plugin 到最新版本。
18         关于 Android 11 的 "应用可见性" 机制，参见 https://developer.android.com/about/versions/11/privacy/package-visibility?hl=zh-cn
19    -->
20    <queries>
20-->src\main\AndroidManifest.xml:15:5-18:15
21        <package android:name="com.eg.android.AlipayGphone" /> <!-- 支付宝 -->
21-->src\main\AndroidManifest.xml:16:9-63
21-->src\main\AndroidManifest.xml:16:18-60
22        <package android:name="hk.alipay.wallet" /> <!-- AlipayHK -->
22-->src\main\AndroidManifest.xml:17:9-52
22-->src\main\AndroidManifest.xml:17:18-49
23        <intent> <!-- H5 支持手淘登录 -->
23-->[com.alipay.sdk:alipaysdk-android:15.8.09] AndroidManifest.xml:10:9-14:18
24            <action android:name="*" />
24-->[com.alipay.sdk:alipaysdk-android:15.8.09] AndroidManifest.xml:11:13-40
24-->[com.alipay.sdk:alipaysdk-android:15.8.09] AndroidManifest.xml:11:21-37
25
26            <data android:scheme="tbopen" />
26-->[com.alipay.sdk:alipaysdk-android:15.8.09] AndroidManifest.xml:13:13-45
26-->[com.alipay.sdk:alipaysdk-android:15.8.09] AndroidManifest.xml:13:19-42
27        </intent> <!-- 支付宝 app -->
28        <package android:name="com.eg.android.AlipayGphoneRC" />
28-->[com.alipay.sdk:alipaysdk-android:15.8.09] AndroidManifest.xml:17:9-65
28-->[com.alipay.sdk:alipaysdk-android:15.8.09] AndroidManifest.xml:17:18-62
29    </queries>
30
31    <supports-screens
31-->src\main\AndroidManifest.xml:20:5-25:39
32        android:anyDensity="true"
32-->src\main\AndroidManifest.xml:21:9-34
33        android:largeScreens="true"
33-->src\main\AndroidManifest.xml:22:9-36
34        android:normalScreens="true"
34-->src\main\AndroidManifest.xml:23:9-37
35        android:resizeable="true"
35-->src\main\AndroidManifest.xml:24:9-34
36        android:smallScreens="true" />
36-->src\main\AndroidManifest.xml:25:9-36
37
38    <application
38-->src\main\AndroidManifest.xml:27:5-48:19
39        android:allowBackup="true"
39-->src\main\AndroidManifest.xml:28:9-35
40        android:appComponentFactory="android.support.v4.app.CoreComponentFactory"
40-->[com.android.support:support-compat:28.0.0] AndroidManifest.xml:22:18-91
41        android:label="@string/app_name"
41-->src\main\AndroidManifest.xml:30:9-41
42        android:networkSecurityConfig="@xml/network_security_config"
42-->src\main\AndroidManifest.xml:29:9-69
43        android:theme="@style/AppTheme" >
43-->src\main\AndroidManifest.xml:31:9-40
44        <activity
44-->src\main\AndroidManifest.xml:32:9-41:20
45            android:name="com.alipay.sdk.pay.demo.PayDemoActivity"
45-->src\main\AndroidManifest.xml:33:13-67
46            android:icon="@drawable/msp_icon"
46-->src\main\AndroidManifest.xml:34:13-46
47            android:label="@string/app_name" >
47-->src\main\AndroidManifest.xml:35:13-45
48            <intent-filter>
48-->src\main\AndroidManifest.xml:36:13-40:29
49                <action android:name="android.intent.action.MAIN" />
49-->src\main\AndroidManifest.xml:37:17-69
49-->src\main\AndroidManifest.xml:37:25-66
50
51                <category android:name="android.intent.category.LAUNCHER" />
51-->src\main\AndroidManifest.xml:39:17-77
51-->src\main\AndroidManifest.xml:39:27-74
52            </intent-filter>
53        </activity>
54        <activity
54-->src\main\AndroidManifest.xml:42:9-47:20
55            android:name="com.alipay.sdk.pay.demo.H5PayDemoActivity"
55-->src\main\AndroidManifest.xml:43:13-69
56            android:configChanges="orientation|keyboardHidden|navigation"
56-->src\main\AndroidManifest.xml:44:13-74
57            android:exported="false"
57-->src\main\AndroidManifest.xml:45:13-37
58            android:screenOrientation="behind" >
58-->src\main\AndroidManifest.xml:46:13-47
59        </activity>
60
61        <uses-library
61-->[com.alipay.sdk:alipaysdk-android:15.8.09] AndroidManifest.xml:33:9-35:40
62            android:name="org.apache.http.legacy"
62-->[com.alipay.sdk:alipaysdk-android:15.8.09] AndroidManifest.xml:34:13-50
63            android:required="false" />
63-->[com.alipay.sdk:alipaysdk-android:15.8.09] AndroidManifest.xml:35:13-37
64
65        <activity
65-->[com.alipay.sdk:alipaysdk-android:15.8.09] AndroidManifest.xml:37:9-42:20
66            android:name="com.alipay.sdk.app.H5PayActivity"
66-->[com.alipay.sdk:alipaysdk-android:15.8.09] AndroidManifest.xml:38:13-60
67            android:configChanges="orientation|keyboardHidden|navigation|screenSize|locale|keyboard|screenLayout|density|fontScale|layoutDirection|smallestScreenSize"
67-->[com.alipay.sdk:alipaysdk-android:15.8.09] AndroidManifest.xml:39:13-167
68            android:exported="false"
68-->[com.alipay.sdk:alipaysdk-android:15.8.09] AndroidManifest.xml:40:13-37
69            android:theme="@android:style/Theme.NoTitleBar" >
69-->[com.alipay.sdk:alipaysdk-android:15.8.09] AndroidManifest.xml:41:13-60
70        </activity>
71        <activity
71-->[com.alipay.sdk:alipaysdk-android:15.8.09] AndroidManifest.xml:43:9-48:20
72            android:name="com.alipay.sdk.app.H5AuthActivity"
72-->[com.alipay.sdk:alipaysdk-android:15.8.09] AndroidManifest.xml:44:13-61
73            android:configChanges="orientation|keyboardHidden|navigation|screenSize|locale|keyboard|screenLayout|density|fontScale|layoutDirection|smallestScreenSize"
73-->[com.alipay.sdk:alipaysdk-android:15.8.09] AndroidManifest.xml:45:13-167
74            android:exported="false"
74-->[com.alipay.sdk:alipaysdk-android:15.8.09] AndroidManifest.xml:46:13-37
75            android:theme="@android:style/Theme.NoTitleBar" >
75-->[com.alipay.sdk:alipaysdk-android:15.8.09] AndroidManifest.xml:47:13-60
76        </activity>
77        <activity
77-->[com.alipay.sdk:alipaysdk-android:15.8.09] AndroidManifest.xml:49:9-55:20
78            android:name="com.alipay.sdk.app.PayResultActivity"
78-->[com.alipay.sdk:alipaysdk-android:15.8.09] AndroidManifest.xml:50:13-64
79            android:configChanges="orientation|keyboardHidden|navigation|screenSize|locale|keyboard|screenLayout|density|fontScale|layoutDirection|smallestScreenSize"
79-->[com.alipay.sdk:alipaysdk-android:15.8.09] AndroidManifest.xml:51:13-167
80            android:exported="true"
80-->[com.alipay.sdk:alipaysdk-android:15.8.09] AndroidManifest.xml:52:13-36
81            android:launchMode="singleInstance"
81-->[com.alipay.sdk:alipaysdk-android:15.8.09] AndroidManifest.xml:53:13-48
82            android:theme="@android:style/Theme.Translucent.NoTitleBar" >
82-->[com.alipay.sdk:alipaysdk-android:15.8.09] AndroidManifest.xml:54:13-72
83        </activity>
84        <activity
84-->[com.alipay.sdk:alipaysdk-android:15.8.09] AndroidManifest.xml:56:9-62:20
85            android:name="com.alipay.sdk.app.AlipayResultActivity"
85-->[com.alipay.sdk:alipaysdk-android:15.8.09] AndroidManifest.xml:57:13-67
86            android:configChanges="orientation|keyboardHidden|navigation|screenSize|locale|keyboard|screenLayout|density|fontScale|layoutDirection|smallestScreenSize"
86-->[com.alipay.sdk:alipaysdk-android:15.8.09] AndroidManifest.xml:58:13-167
87            android:exported="true"
87-->[com.alipay.sdk:alipaysdk-android:15.8.09] AndroidManifest.xml:59:13-36
88            android:launchMode="singleTask"
88-->[com.alipay.sdk:alipaysdk-android:15.8.09] AndroidManifest.xml:60:13-44
89            android:theme="@android:style/Theme.Translucent.NoTitleBar" >
89-->[com.alipay.sdk:alipaysdk-android:15.8.09] AndroidManifest.xml:61:13-72
90        </activity>
91        <activity
91-->[com.alipay.sdk:alipaysdk-android:15.8.09] AndroidManifest.xml:63:9-69:20
92            android:name="com.alipay.sdk.app.H5OpenAuthActivity"
92-->[com.alipay.sdk:alipaysdk-android:15.8.09] AndroidManifest.xml:64:13-65
93            android:configChanges="orientation|keyboardHidden|navigation|screenSize|locale|keyboard|screenLayout|density|fontScale|layoutDirection|smallestScreenSize"
93-->[com.alipay.sdk:alipaysdk-android:15.8.09] AndroidManifest.xml:65:13-167
94            android:exported="false"
94-->[com.alipay.sdk:alipaysdk-android:15.8.09] AndroidManifest.xml:66:13-37
95            android:screenOrientation="behind"
95-->[com.alipay.sdk:alipaysdk-android:15.8.09] AndroidManifest.xml:67:13-47
96            android:windowSoftInputMode="adjustResize|stateHidden" >
96-->[com.alipay.sdk:alipaysdk-android:15.8.09] AndroidManifest.xml:68:13-67
97        </activity>
98        <activity
98-->[com.alipay.sdk:alipaysdk-android:15.8.09] AndroidManifest.xml:70:9-75:20
99            android:name="com.alipay.sdk.app.APayEntranceActivity"
99-->[com.alipay.sdk:alipaysdk-android:15.8.09] AndroidManifest.xml:71:13-67
100            android:configChanges="orientation|keyboardHidden|navigation|screenSize|locale|keyboard|screenLayout|density|fontScale|layoutDirection|smallestScreenSize"
100-->[com.alipay.sdk:alipaysdk-android:15.8.09] AndroidManifest.xml:72:13-167
101            android:exported="false"
101-->[com.alipay.sdk:alipaysdk-android:15.8.09] AndroidManifest.xml:73:13-37
102            android:theme="@android:style/Theme.Translucent.NoTitleBar" >
102-->[com.alipay.sdk:alipaysdk-android:15.8.09] AndroidManifest.xml:74:13-72
103        </activity>
104    </application>
105
106</manifest>